\BOOKMARK [0][-]{chapter.1}{\376\377\000I\000n\000t\000r\000o\000d\000u\000c\000t\000i\000o\000n}{}% 1
\BOOKMARK [0][-]{chapter.2}{\376\377\000M\000e\000t\000h\000o\000d}{}% 2
\BOOKMARK [1][-]{section.2.1}{\376\377\000M\000a\000t\000e\000r\000i\000a\000l\000s}{chapter.2}% 3
\BOOKMARK [2][-]{subsection.2.1.1}{\376\377\000E\000E\000G\000\040\000A\000c\000q\000u\000i\000s\000i\000t\000i\000o\000n\000\040\000D\000e\000v\000i\000c\000e}{section.2.1}% 4
\BOOKMARK [2][-]{subsection.2.1.2}{\376\377\000R\000o\000b\000o\000t\000i\000c\000\040\000A\000r\000m}{section.2.1}% 5
\BOOKMARK [1][-]{section.2.2}{\376\377\000S\000y\000s\000t\000e\000m\000\040\000W\000o\000r\000k\000f\000l\000o\000w}{chapter.2}% 6
\BOOKMARK [1][-]{section.2.3}{\376\377\000V\000e\000r\000s\000i\000o\000n\000\040\000I\000t\000e\000r\000a\000t\000i\000o\000n}{chapter.2}% 7
\BOOKMARK [2][-]{subsection.2.3.1}{\376\377\000V\000e\000r\000s\000i\000o\000n\000\040\0001}{section.2.3}% 8
\BOOKMARK [2][-]{subsection.2.3.2}{\376\377\000V\000e\000r\000s\000i\000o\000n\000\040\0002}{section.2.3}% 9
\BOOKMARK [2][-]{subsection.2.3.3}{\376\377\000V\000e\000r\000s\000i\000o\000n\000\040\0002\000.\0005}{section.2.3}% 10
\BOOKMARK [2][-]{subsection.2.3.4}{\376\377\000V\000e\000r\000s\000i\000o\000n\000\040\0003}{section.2.3}% 11
\BOOKMARK [0][-]{chapter.3}{\376\377\000R\000e\000s\000u\000l\000t\000s}{}% 12
\BOOKMARK [1][-]{section.3.1}{\376\377\000V\000e\000r\000s\000i\000o\000n\000\040\0001\000\040\000I\000m\000p\000l\000e\000m\000e\000n\000t\000a\000t\000i\000o\000n}{chapter.3}% 13
\BOOKMARK [1][-]{section.3.2}{\376\377\000V\000e\000r\000s\000i\000o\000n\000\040\0002\000\040\000I\000m\000p\000l\000e\000m\000e\000n\000t\000a\000t\000i\000o\000n}{chapter.3}% 14
\BOOKMARK [0][-]{chapter.4}{\376\377\000D\000i\000s\000c\000u\000s\000s\000i\000o\000n\000\040\000a\000n\000d\000\040\000C\000o\000n\000c\000l\000u\000s\000i\000o\000n}{}% 15
\BOOKMARK [1][-]{section.4.1}{\376\377\000C\000u\000r\000r\000e\000n\000t\000\040\000C\000h\000a\000l\000l\000e\000n\000g\000e\000s}{chapter.4}% 16
\BOOKMARK [2][-]{subsection.4.1.1}{\376\377\000V\000e\000r\000s\000i\000o\000n\000\040\0002\000.\0005\000\040\000C\000h\000a\000l\000l\000e\000n\000g\000e\000s}{section.4.1}% 17
\BOOKMARK [2][-]{subsection.4.1.2}{\376\377\000V\000e\000r\000s\000i\000o\000n\000\040\0003\000\040\000C\000h\000a\000l\000l\000e\000n\000g\000e\000s}{section.4.1}% 18
\BOOKMARK [1][-]{section.4.2}{\376\377\000D\000i\000s\000c\000u\000s\000s\000i\000o\000n}{chapter.4}% 19
\BOOKMARK [0][-]{chapter.5}{\376\377\000C\000o\000n\000t\000r\000i\000b\000u\000t\000i\000o\000n\000s\000\040\000o\000f\000\040\000G\000r\000o\000u\000p\000\040\000M\000e\000m\000b\000e\000r\000s}{}% 20
